<?xml version="1.0" encoding="utf-8"?><testsuites name="pytest tests"><testsuite name="pytest" errors="0" failures="0" skipped="0" tests="2" time="9.701" timestamp="2026-05-19T16:29:18.426201+08:00" hostname="U-9T9VV3XR-0048.local"><testcase classname="test_suite.nft.test_perf_smoke.TestPerfSmoke" name="test_nft_perf_001_ingest_p95_under_2s_fake" time="7.474" /><testcase classname="test_suite.nft.test_perf_smoke.TestPerfSmoke" name="test_nft_perf_002_retrieve_under_1s_fake" time="2.065" /></testsuite></testsuites>