<?xml version="1.0" encoding="utf-8"?><testsuites name="pytest tests"><testsuite name="pytest" errors="0" failures="0" skipped="0" tests="12" time="0.055" timestamp="2026-05-19T16:28:42.880284+08:00" hostname="U-9T9VV3XR-0048.local"><testcase classname="tests.contract.test_vector_store_contract.TestVectorStoreContract" name="test_health_after_start" time="0.018" /><testcase classname="tests.contract.test_vector_store_contract.TestVectorStoreContract" name="test_health_before_start" time="0.000" /><testcase classname="tests.contract.test_vector_store_contract.TestVectorStoreContract" name="test_search_empty_returns_empty_not_raises" time="0.000" /><testcase classname="tests.contract.test_vector_store_contract.TestVectorStoreContract" name="test_upsert_then_search_top_k" time="0.000" /><testcase classname="tests.contract.test_vector_store_contract.TestVectorStoreContract" name="test_upsert_is_idempotent" time="0.000" /><testcase classname="tests.contract.test_vector_store_contract.TestVectorStoreContract" name="test_filters_isolate_tenants" time="0.001" /><testcase classname="tests.contract.test_vector_store_contract.TestVectorStoreContract" name="test_dimension_mismatch_raises_config_error" time="0.001" /><testcase classname="tests.contract.test_vector_store_contract.TestVectorStoreContract" name="test_delete_returns_actual_count" time="0.000" /><testcase classname="tests.contract.test_vector_store_contract.TestVectorStoreContract" name="test_flush_does_not_raise" time="0.000" /><testcase classname="tests.contract.test_vector_store_contract.TestThirdPartyPackageWiring" name="test_class_has_required_meta" time="0.000" /><testcase classname="tests.contract.test_vector_store_contract.TestThirdPartyPackageWiring" name="test_pyproject_declares_entry_point" time="0.001" /><testcase classname="tests.contract.test_vector_store_contract.TestThirdPartyPackageWiring" name="test_class_inherits_from_spi" time="0.000" /></testsuite></testsuites>