<?xml version="1.0" encoding="utf-8"?><testsuites name="pytest tests"><testsuite name="pytest" errors="0" failures="0" skipped="0" tests="6" time="0.225" timestamp="2026-05-19T16:28:42.350753+08:00" hostname="U-9T9VV3XR-0048.local"><testcase classname="tests.integration.test_degradation.TestRetrievalDegradation" name="test_es_down_falls_back_to_vector" time="0.028" /><testcase classname="tests.integration.test_degradation.TestRetrievalDegradation" name="test_milvus_down_falls_back_to_bm25" time="0.001" /><testcase classname="tests.integration.test_degradation.TestRetrievalDegradation" name="test_both_down_raises_plugin_error" time="0.001" /><testcase classname="tests.integration.test_degradation.TestColdPathDegradation" name="test_llm_unavailable_skips_cold_path" time="0.047" /><testcase classname="tests.integration.test_degradation.TestColdPathDegradation" name="test_embedding_unavailable_does_not_break_retrieval_init" time="0.001" /><testcase classname="tests.integration.test_degradation.TestPerChannelTimeout" name="test_one_slow_channel_does_not_block_others" time="0.102" /></testsuite></testsuites>