<?xml version="1.0" encoding="utf-8"?><testsuites name="pytest tests"><testsuite name="pytest" errors="0" failures="0" skipped="0" tests="24" time="34.181" timestamp="2026-05-19T16:28:43.302001+08:00" hostname="U-9T9VV3XR-0048.local"><testcase classname="test_suite.e2e.test_e2e_cognitive_layers.TestE2ECognitiveLayers" name="test_e2e_cog_001_format_transfer_chain" time="0.001" /><testcase classname="test_suite.e2e.test_e2e_cognitive_layers.TestE2ECognitiveLayers" name="test_e2e_cog_002_memcell_tenant_traceability" time="0.000" /><testcase classname="test_suite.e2e.test_e2e_cognitive_layers.TestE2ECognitiveLayers" name="test_e2e_cog_003_time_gap_sample_parseable" time="0.000" /><testcase classname="test_suite.e2e.test_e2e_config_admin.TestE2EConfigAdmin" name="test_e2e_conf_001_read_fuser_config" time="6.892" /><testcase classname="test_suite.e2e.test_e2e_config_admin.TestE2EConfigAdmin" name="test_e2e_conf_002_invalid_config_rejected" time="2.079" /><testcase classname="test_suite.e2e.test_e2e_consolidate.TestE2EConsolidate" name="test_e2e_cons_001_tenant_consolidate" time="2.115" /><testcase classname="test_suite.e2e.test_e2e_consolidate.TestE2EConsolidate" name="test_e2e_cons_002_empty_scope_ok" time="2.064" /><testcase classname="test_suite.e2e.test_e2e_degradation.TestE2EDegradation" name="test_e2e_deg_001_es_down_vector_ok" time="0.001" /><testcase classname="test_suite.e2e.test_e2e_degradation.TestE2EDegradation" name="test_e2e_deg_002_all_channels_fail_retryable" time="0.001" /><testcase classname="test_suite.e2e.test_e2e_degradation.TestE2EDegradation" name="test_e2e_deg_003_ingest_hot_path_when_cold_skipped" time="2.068" /><testcase classname="test_suite.e2e.test_e2e_graph_entity.TestE2EGraphEntity" name="test_e2e_query_001_graph_relations_after_index" time="2.068" /><testcase classname="test_suite.e2e.test_e2e_graph_entity.TestE2EGraphEntity" name="test_e2e_query_002_user_memories_pagination" time="2.068" /><testcase classname="test_suite.e2e.test_e2e_main_flow.TestE2EMainFlow" name="test_ingest_retrieve_feedback_roundtrip" time="2.070" /><testcase classname="test_suite.e2e.test_e2e_main_flow.TestE2EMainFlow" name="test_multi_session_ingest_persists" time="2.082" /><testcase classname="test_suite.e2e.test_e2e_schema_and_health.TestE2ESchemaContract" name="test_ut_schema_001_minimal_ingest" time="0.001" /><testcase classname="test_suite.e2e.test_e2e_schema_and_health.TestE2ESchemaContract" name="test_ut_schema_002_missing_tenant" time="0.000" /><testcase classname="test_suite.e2e.test_e2e_schema_and_health.TestE2ESchemaContract" name="test_ut_schema_005_retrieve_top_k_bounds" time="0.000" /><testcase classname="test_suite.e2e.test_e2e_schema_and_health.TestE2ESchemaContract" name="test_it_ingest_002_missing_tenant_via_http" time="2.078" /><testcase classname="test_suite.e2e.test_e2e_schema_and_health.TestE2ESchemaContract" name="test_ut_schema_004_locomo_fields" time="0.000" /><testcase classname="test_suite.e2e.test_e2e_schema_and_health.TestE2EHealthAndAdmin" name="test_it_health_001_live" time="2.091" /><testcase classname="test_suite.e2e.test_e2e_schema_and_health.TestE2EHealthAndAdmin" name="test_it_health_002_ready_checks" time="2.079" /><testcase classname="test_suite.e2e.test_e2e_schema_and_health.TestE2EHealthAndAdmin" name="test_it_admin_001_plugins_list" time="2.102" /><testcase classname="test_suite.e2e.test_e2e_tenant_isolation.TestE2ETenantIsolation" name="test_retrieve_does_not_leak_across_tenants" time="2.063" /><testcase classname="test_suite.gates.test_audit_gate" name="test_audit_no_hard_deps_exit_zero" time="0.125" /></testsuite></testsuites>