<?xml version="1.0" encoding="utf-8"?><testsuites name="pytest tests"><testsuite name="pytest" errors="0" failures="0" skipped="0" tests="741" time="167.962" timestamp="2026-05-19T16:25:53.475427+08:00" hostname="U-9T9VV3XR-0048.local"><testcase classname="tests.contract.test_vector_store_contract.TestVectorStoreContract" name="test_health_after_start" time="0.002" /><testcase classname="tests.contract.test_vector_store_contract.TestVectorStoreContract" name="test_health_before_start" time="0.001" /><testcase classname="tests.contract.test_vector_store_contract.TestVectorStoreContract" name="test_search_empty_returns_empty_not_raises" time="0.000" /><testcase classname="tests.contract.test_vector_store_contract.TestVectorStoreContract" name="test_upsert_then_search_top_k" time="0.001" /><testcase classname="tests.contract.test_vector_store_contract.TestVectorStoreContract" name="test_upsert_is_idempotent" time="0.001" /><testcase classname="tests.contract.test_vector_store_contract.TestVectorStoreContract" name="test_filters_isolate_tenants" time="0.001" /><testcase classname="tests.contract.test_vector_store_contract.TestVectorStoreContract" name="test_dimension_mismatch_raises_config_error" time="0.000" /><testcase classname="tests.contract.test_vector_store_contract.TestVectorStoreContract" name="test_delete_returns_actual_count" time="0.000" /><testcase classname="tests.contract.test_vector_store_contract.TestVectorStoreContract" name="test_flush_does_not_raise" time="0.000" /><testcase classname="tests.contract.test_vector_store_contract.TestThirdPartyPackageWiring" name="test_class_has_required_meta" time="0.000" /><testcase classname="tests.contract.test_vector_store_contract.TestThirdPartyPackageWiring" name="test_pyproject_declares_entry_point" time="0.000" /><testcase classname="tests.contract.test_vector_store_contract.TestThirdPartyPackageWiring" name="test_class_inherits_from_spi" time="0.000" /><testcase classname="tests.test_admin_config.TestConfigCRUD" name="test_get_default_returns_default_source" time="6.897" /><testcase classname="tests.test_admin_config.TestConfigCRUD" name="test_post_then_get_observes_new_value" time="2.089" /><testcase classname="tests.test_admin_config.TestConfigCRUD" name="test_post_rejects_unknown_plugin" time="2.063" /><testcase classname="tests.test_admin_config.TestConfigCRUD" name="test_post_rejects_scope_without_scope_id" time="2.081" /><testcase classname="tests.test_admin_config.TestConfigCRUD" name="test_history_returns_versions" time="2.080" /><testcase classname="tests.test_admin_config.TestConfigCRUD" name="test_rollback_404_when_version_missing" time="2.068" /><testcase classname="tests.test_admin_config.TestPluginInstanceOps" name="test_single_plugin_health_returns_status" time="2.059" /><testcase classname="tests.test_admin_config.TestPluginInstanceOps" name="test_reload_is_idempotent" time="2.101" /><testcase classname="tests.test_admin_config.TestAuth" name="test_403_without_admin_key_when_auth_enabled" time="2.063" /><testcase classname="tests.test_admin_config.TestAuth" name="test_200_with_correct_admin_key" time="2.067" /><testcase classname="tests.test_admin_config.TestAuth" name="test_403_with_wrong_admin_key" time="2.053" /><testcase classname="tests.test_admin_config.TestAuth" name="test_post_config_blocked_without_admin_key" time="2.069" /><testcase classname="tests.test_admin_config.TestEndToEnd" name="test_write_read_reload_cycle" time="2.083" /><testcase classname="tests.test_audit_no_hard_deps.TestCurrentRepoIsClean" name="test_no_violations_in_business_plane" time="0.071" /><testcase classname="tests.test_audit_no_hard_deps.TestCurrentRepoIsClean" name="test_main_returns_zero" time="0.065" /><testcase classname="tests.test_audit_no_hard_deps.TestDetectsViolations" name="test_from_import_caught" time="0.009" /><testcase classname="tests.test_audit_no_hard_deps.TestDetectsViolations" name="test_top_level_import_caught" time="0.001" /><testcase classname="tests.test_audit_no_hard_deps.TestDetectsViolations" name="test_bare_package_import_caught" time="0.005" /><testcase classname="tests.test_audit_no_hard_deps.TestDetectsViolations" name="test_scan_violations_against_offender_repo" time="0.013" /><testcase classname="tests.test_audit_no_hard_deps.TestDetectsViolations" name="test_main_returns_one_with_violation" time="0.003" /><testcase classname="tests.test_audit_no_hard_deps.TestBoundaries" name="test_non_py_files_ignored" time="0.001" /><testcase classname="tests.test_audit_no_hard_deps.TestBoundaries" name="test_missing_target_is_not_an_error" time="0.001" /><testcase classname="tests.test_audit_no_hard_deps.TestBoundaries" name="test_relative_import_inside_plugins_default_ignored" time="0.001" /><testcase classname="tests.test_audit_no_hard_deps.TestBoundaries" name="test_unrelated_import_not_flagged" time="0.001" /><testcase classname="tests.test_audit_no_hard_deps.TestBoundaries" name="test_forbidden_prefix_constant_matches_design" time="0.000" /><testcase classname="tests.test_audit_no_hard_deps.TestBoundaries" name="test_business_targets_cover_design_doc_minimum" time="0.000" /><testcase classname="tests.test_base_config_center" name="test_resolve_default" time="0.001" /><testcase classname="tests.test_base_config_center" name="test_write_then_resolve" time="0.000" /><testcase classname="tests.test_base_config_center" name="test_write_validates_schema" time="0.001" /><testcase classname="tests.test_base_config_center" name="test_write_unknown_plugin" time="0.000" /><testcase classname="tests.test_base_config_center" name="test_write_invalid_scope" time="0.000" /><testcase classname="tests.test_base_config_center" name="test_write_tenant_requires_scope_id" time="0.000" /><testcase classname="tests.test_base_config_center" name="test_history_after_writes" time="0.000" /><testcase classname="tests.test_base_config_center" name="test_watch_callback_fires" time="0.000" /><testcase classname="tests.test_base_config_center" name="test_external_change_triggers_callbacks" time="0.000" /><testcase classname="tests.test_base_config_center" name="test_callback_failure_does_not_abort" time="0.000" /><testcase classname="tests.test_base_config_center" name="test_tenant_overrides_take_priority" time="0.000" /><testcase classname="tests.test_base_config_center" name="test_close_stops_watcher" time="0.000" /><testcase classname="tests.test_base_config_center" name="test_version_monotonic" time="0.000" /><testcase classname="tests.test_bm25_channel.TestBM25Channel" name="test_search_parses_results" time="0.001" /><testcase classname="tests.test_bm25_channel.TestBM25Channel" name="test_empty_results" time="0.000" /><testcase classname="tests.test_bm25_channel.TestBM25Channel" name="test_empty_query_short_circuit" time="0.000" /><testcase classname="tests.test_bm25_channel.TestBM25Channel" name="test_unset_client_raises_dependency" time="0.000" /><testcase classname="tests.test_bm25_channel.TestBM25Channel" name="test_es_failure_wrapped_as_dependency" time="0.000" /><testcase classname="tests.test_bm25_channel.TestBM25Channel" name="test_filter_clause_includes_tenant_user" time="0.000" /><testcase classname="tests.test_bm25_channel.TestBM25Channel" name="test_over_fetch_factor_applied" time="0.000" /><testcase classname="tests.test_bm25_channel.TestBM25Channel" name="test_extra_filter_term_added" time="0.000" /><testcase classname="tests.test_bm25_channel.TestBM25ESPlugin" name="test_unbound_raises" time="0.000" /><testcase classname="tests.test_bm25_channel.TestBM25ESPlugin" name="test_bound_returns" time="0.000" /><testcase classname="tests.test_bm25_channel.TestBM25ESPlugin" name="test_health" time="0.000" /><testcase classname="tests.test_bm25_channel.TestBM25ESPlugin" name="test_channel_name_property" time="0.000" /><testcase classname="tests.test_clustering.TestCosineSimilarity" name="test_identical" time="0.001" /><testcase classname="tests.test_clustering.TestCosineSimilarity" name="test_orthogonal" time="0.000" /><testcase classname="tests.test_clustering.TestCosineSimilarity" name="test_opposite" time="0.000" /><testcase classname="tests.test_clustering.TestCosineSimilarity" name="test_empty" time="0.000" /><testcase classname="tests.test_clustering.TestCosineSimilarity" name="test_dim_mismatch" time="0.000" /><testcase classname="tests.test_clustering.TestCosineSimilarity" name="test_zero_vector" time="0.000" /><testcase classname="tests.test_clustering.TestUpdateCentroid" name="test_first_member" time="0.000" /><testcase classname="tests.test_clustering.TestUpdateCentroid" name="test_increment" time="0.000" /><testcase classname="tests.test_clustering.TestUpdateCentroid" name="test_dim_mismatch_returns_new" time="0.000" /><testcase classname="tests.test_clustering.TestParseClusterConfig" name="test_default" time="0.000" /><testcase classname="tests.test_clustering.TestParseClusterConfig" name="test_custom" time="0.000" /><testcase classname="tests.test_clustering.TestClusterManager" name="test_assign_to_existing_high_sim" time="0.000" /><testcase classname="tests.test_clustering.TestClusterManager" name="test_create_new_low_sim" time="0.000" /><testcase classname="tests.test_clustering.TestClusterManager" name="test_create_new_when_no_embedding" time="0.000" /><testcase classname="tests.test_clustering.TestClusterManager" name="test_idempotent_when_already_member" time="0.000" /><testcase classname="tests.test_clustering.TestClusterManager" name="test_scene_full_creates_new" time="0.000" /><testcase classname="tests.test_clustering.TestClusterManager" name="test_time_gap_creates_new" time="0.000" /><testcase classname="tests.test_clustering.TestClusterManager" name="test_picks_best_similarity_among_candidates" time="0.000" /><testcase classname="tests.test_clustering.TestIncrementalCentroidPlugin" name="test_first_cluster_is_new" time="0.000" /><testcase classname="tests.test_clustering.TestIncrementalCentroidPlugin" name="test_second_similar_joins_existing" time="0.000" /><testcase classname="tests.test_clustering.TestIncrementalCentroidPlugin" name="test_dissimilar_creates_new" time="0.000" /><testcase classname="tests.test_clustering.TestIncrementalCentroidPlugin" name="test_group_isolation" time="0.026" /><testcase classname="tests.test_clustering.TestIncrementalCentroidPlugin" name="test_lru_eviction" time="0.001" /><testcase classname="tests.test_clustering.TestIncrementalCentroidPlugin" name="test_empty_embedding_creates_solo" time="0.000" /><testcase classname="tests.test_clustering.TestIncrementalCentroidPlugin" name="test_health_metrics" time="0.000" /><testcase classname="tests.test_cold_path_pipeline.TestColdPathPipeline" name="test_full_pipeline_happy_path" time="0.000" /><testcase classname="tests.test_cold_path_pipeline.TestColdPathPipeline" name="test_episode_failure_propagates" time="0.000" /><testcase classname="tests.test_cold_path_pipeline.TestColdPathPipeline" name="test_semantic_failure_per_episode_isolated" time="0.000" /><testcase classname="tests.test_cold_path_pipeline.TestColdPathPipeline" name="test_cluster_failure_does_not_break" time="0.000" /><testcase classname="tests.test_cold_path_pipeline.TestColdPathPipeline" name="test_unbound_components_emit_warnings" time="0.000" /><testcase classname="tests.test_cold_path_pipeline.TestColdPathPipeline" name="test_no_episodes_skips_semantic" time="0.000" /><testcase classname="tests.test_cold_path_pipeline.TestBackgroundTaskRunner" name="test_submit_runs_coroutine" time="0.000" /><testcase classname="tests.test_cold_path_pipeline.TestBackgroundTaskRunner" name="test_retry_then_success" time="0.006" /><testcase classname="tests.test_cold_path_pipeline.TestBackgroundTaskRunner" name="test_exhausted_goes_to_dlq" time="0.002" /><testcase classname="tests.test_cold_path_pipeline.TestBackgroundTaskRunner" name="test_shutdown_waits_for_inflight" time="0.012" /><testcase classname="tests.test_cold_path_pipeline.TestBackgroundTaskRunner" name="test_submit_after_shutdown_raises" time="0.000" /><testcase classname="tests.test_cold_path_pipeline.TestColdPathService" name="test_run_now_executes_pipeline" time="0.000" /><testcase classname="tests.test_cold_path_pipeline.TestColdPathService" name="test_schedule_via_runner" time="0.000" /><testcase classname="tests.test_cold_path_pipeline.TestColdPathService" name="test_schedule_many" time="0.000" /><testcase classname="tests.test_cold_path_pipeline.TestColdPathService" name="test_on_complete_callback" time="0.000" /><testcase classname="tests.test_cold_path_pipeline.TestColdPathService" name="test_pipeline_failure_goes_to_dlq" time="0.001" /><testcase classname="tests.test_config_center_prompts.TestPromptPaths" name="test_prompt_category_basic" time="0.000" /><testcase classname="tests.test_config_center_prompts.TestPromptPaths" name="test_prompt_category_rejects_empty" time="0.000" /><testcase classname="tests.test_config_center_prompts.TestPromptPaths" name="test_prompt_category_rejects_dotted_id" time="0.000" /><testcase classname="tests.test_config_center_prompts.TestPromptPaths" name="test_parse_prompt_id_round_trip" time="0.000" /><testcase classname="tests.test_config_center_prompts.TestPromptPaths" name="test_parse_prompt_id_rejects_other_categories" time="0.000" /><testcase classname="tests.test_config_center_prompts.TestPromptPaths" name="test_is_prompt_category" time="0.000" /><testcase classname="tests.test_config_center_prompts.TestValidatePromptBody" name="test_valid_minimal" time="0.000" /><testcase classname="tests.test_config_center_prompts.TestValidatePromptBody" name="test_missing_template_raises" time="0.000" /><testcase classname="tests.test_config_center_prompts.TestValidatePromptBody" name="test_empty_template_raises" time="0.000" /><testcase classname="tests.test_config_center_prompts.TestValidatePromptBody" name="test_variables_must_be_list_of_str" time="0.000" /><testcase classname="tests.test_config_center_prompts.TestValidatePromptBody" name="test_variants_must_be_list" time="0.000" /><testcase classname="tests.test_config_center_prompts.TestValidatePromptBody" name="test_variant_template_validated" time="0.000" /><testcase classname="tests.test_config_center_prompts.TestValidatePromptBody" name="test_non_dict_body_raises" time="0.000" /><testcase classname="tests.test_config_center_prompts.TestResolvePrompt" name="test_resolve_default_layer" time="0.002" /><testcase classname="tests.test_config_center_prompts.TestResolvePrompt" name="test_resolve_variant_by_tenant" time="0.002" /><testcase classname="tests.test_config_center_prompts.TestResolvePrompt" name="test_resolve_non_acme_tenant_falls_back_to_default" time="0.002" /><testcase classname="tests.test_config_center_prompts.TestResolvePrompt" name="test_resolve_unknown_prompt_falls_back_to_builtin" time="0.002" /><testcase classname="tests.test_config_center_prompts.TestResolvePrompt" name="test_resolve_completely_unknown_raises" time="0.002" /><testcase classname="tests.test_config_center_prompts.TestWritePrompt" name="test_write_global_then_resolve" time="0.005" /><testcase classname="tests.test_config_center_prompts.TestWritePrompt" name="test_write_tenant_overrides_default" time="0.003" /><testcase classname="tests.test_config_center_prompts.TestWritePrompt" name="test_write_with_variants_takes_effect" time="0.004" /><testcase classname="tests.test_config_center_prompts.TestWritePrompt" name="test_write_invalid_body_raises" time="0.003" /><testcase classname="tests.test_config_center_prompts.TestWritePrompt" name="test_write_tenant_requires_scope_id" time="0.002" /><testcase classname="tests.test_config_center_prompts.TestWritePrompt" name="test_write_invalid_scope_raises" time="0.002" /><testcase classname="tests.test_config_center_prompts.TestWritePrompt" name="test_history_records_writes" time="0.004" /><testcase classname="tests.test_config_center_prompts.TestListPromptIds" name="test_list_includes_default_and_builtin" time="0.002" /><testcase classname="tests.test_config_center_prompts.TestListPromptIds" name="test_list_excludes_builtin_when_disabled" time="0.002" /><testcase classname="tests.test_config_center_prompts.TestListPromptIds" name="test_list_with_tag_filter" time="0.002" /><testcase classname="tests.test_config_center_prompts.TestListPromptIds" name="test_list_with_unknown_tag_returns_empty" time="0.002" /><testcase classname="tests.test_config_center_prompts.TestPromptChangeNotify" name="test_write_prompt_notifies_watchers" time="0.004" /><testcase classname="tests.test_config_center_prompts.TestBuiltinPrompts" name="test_builtin_count_matches_design" time="0.000" /><testcase classname="tests.test_config_center_prompts.TestBuiltinPrompts" name="test_builtin_templates_have_required_placeholders" time="0.000" /><testcase classname="tests.test_config_resolver" name="test_default_only" time="0.000" /><testcase classname="tests.test_config_resolver" name="test_global_overrides_default" time="0.000" /><testcase classname="tests.test_config_resolver" name="test_tenant_overrides_global" time="0.000" /><testcase classname="tests.test_config_resolver" name="test_user_overrides_tenant" time="0.000" /><testcase classname="tests.test_config_resolver" name="test_request_overrides_user" time="0.000" /><testcase classname="tests.test_config_resolver" name="test_user_hash_gray_distribution" time="0.001" /><testcase classname="tests.test_config_resolver" name="test_variants_by_tenant" time="0.000" /><testcase classname="tests.test_config_resolver" name="test_variants_no_match" time="0.000" /><testcase classname="tests.test_config_resolver" name="test_hash_bucket_stable[u1-100]" time="0.000" /><testcase classname="tests.test_config_resolver" name="test_hash_bucket_stable[u2-1000]" time="0.000" /><testcase classname="tests.test_config_resolver" name="test_hash_bucket_stable[user_xyz_42-1024]" time="0.000" /><testcase classname="tests.test_config_schema" name="test_validate_passes_on_valid" time="0.000" /><testcase classname="tests.test_config_schema" name="test_validate_missing_required" time="0.000" /><testcase classname="tests.test_config_schema" name="test_validate_type_error" time="0.000" /><testcase classname="tests.test_config_schema" name="test_validate_out_of_range" time="0.000" /><testcase classname="tests.test_config_schema" name="test_validate_unknown_field_with_additional_false" time="0.000" /><testcase classname="tests.test_config_schema" name="test_fill_defaults_top_level" time="0.000" /><testcase classname="tests.test_config_schema" name="test_validate_skips_when_no_schema" time="0.000" /><testcase classname="tests.test_consolidate_endpoint.TestConsolidateEndpoint" name="test_happy_path" time="2.058" /><testcase classname="tests.test_consolidate_endpoint.TestConsolidateEndpoint" name="test_explicit_scope" time="2.070" /><testcase classname="tests.test_consolidate_endpoint.TestConsolidateEndpoint" name="test_user_id_optional" time="2.068" /><testcase classname="tests.test_consolidate_endpoint.TestConsolidateEndpoint" name="test_dry_run_passthrough" time="2.072" /><testcase classname="tests.test_consolidate_endpoint.TestConsolidateEndpoint" name="test_missing_tenant_returns_422" time="2.086" /><testcase classname="tests.test_consolidate_endpoint.TestConsolidateNotImplemented" name="test_not_implemented_returns_200" time="2.059" /><testcase classname="tests.test_consolidate_endpoint.TestConsolidateFailure" name="test_returns_500" time="2.055" /><testcase classname="tests.test_consolidate_endpoint.TestOpenAPI" name="test_all_mvp_endpoints_registered" time="2.113" /><testcase classname="tests.test_consolidator.TestConsolidateConfig" name="test_default_thresholds" time="0.000" /><testcase classname="tests.test_consolidator.TestConsolidateConfig" name="test_parse" time="0.000" /><testcase classname="tests.test_consolidator.TestJaccard" name="test_identical" time="0.000" /><testcase classname="tests.test_consolidator.TestJaccard" name="test_disjoint" time="0.000" /><testcase classname="tests.test_consolidator.TestJaccard" name="test_partial" time="0.000" /><testcase classname="tests.test_consolidator.TestJaccard" name="test_empty" time="0.000" /><testcase classname="tests.test_consolidator.TestConsolidatorCore" name="test_add_when_empty" time="0.001" /><testcase classname="tests.test_consolidator.TestConsolidatorCore" name="test_noop_exact_duplicate" time="0.000" /><testcase classname="tests.test_consolidator.TestConsolidatorCore" name="test_add_when_unrelated" time="0.000" /><testcase classname="tests.test_consolidator.TestConsolidatorCore" name="test_picks_best_target_when_decision_not_add" time="0.000" /><testcase classname="tests.test_consolidator.TestConsolidatorCore" name="test_decision_has_reasoning" time="0.001" /><testcase classname="tests.test_consolidator.TestConsolidatorWithEmbedding" name="test_high_cosine_triggers_supersede" time="0.001" /><testcase classname="tests.test_consolidator.TestConsolidatorWithEmbedding" name="test_low_cosine_falls_to_add" time="0.000" /><testcase classname="tests.test_consolidator.TestConsolidatorWithEmbedding" name="test_embedding_failure_falls_back_to_jaccard" time="0.000" /><testcase classname="tests.test_consolidator.TestCompositeConsolidatorPlugin" name="test_decide_via_plugin" time="0.000" /><testcase classname="tests.test_consolidator.TestCompositeConsolidatorPlugin" name="test_threshold_overrides" time="0.000" /><testcase classname="tests.test_consolidator.TestCompositeConsolidatorPlugin" name="test_health" time="0.000" /><testcase classname="tests.test_consolidator.TestCompositeConsolidatorPlugin" name="test_bind_embedding" time="0.000" /><testcase classname="tests.test_db_config_center" name="test_resolve_default" time="0.000" /><testcase classname="tests.test_db_config_center" name="test_write_then_resolve_with_per_entry_version" time="0.001" /><testcase classname="tests.test_db_config_center" name="test_history_records_old_value" time="0.000" /><testcase classname="tests.test_db_config_center" name="test_ensure_schema_called_on_watch" time="0.000" /><testcase classname="tests.test_db_config_center" name="test_native_event_invalidates_cache" time="0.000" /><testcase classname="tests.test_db_config_center" name="test_health_via_ping" time="0.000" /><testcase classname="tests.test_db_config_center" name="test_invalidate_cache_manual" time="0.000" /><testcase classname="tests.test_db_config_center" name="test_close_stops_native_watch" time="0.000" /><testcase classname="tests.test_db_config_center" name="test_overrides_cascade_through_db" time="0.000" /><testcase classname="tests.test_decay.TestRunPassiveDecay" name="test_archives_old_cold" time="0.000" /><testcase classname="tests.test_decay.TestRunPassiveDecay" name="test_keeps_recent_cold" time="0.000" /><testcase classname="tests.test_decay.TestRunPassiveDecay" name="test_low_retention_archives" time="0.000" /><testcase classname="tests.test_decay.TestRunPassiveDecay" name="test_dry_run_no_persist" time="0.000" /><testcase classname="tests.test_decay.TestRunPassiveDecay" name="test_only_cold_scanned" time="0.000" /><testcase classname="tests.test_decay.TestEnforceCapacity" name="test_under_capacity_noop" time="0.000" /><testcase classname="tests.test_decay.TestEnforceCapacity" name="test_over_capacity_archives_low_score" time="0.001" /><testcase classname="tests.test_decay.TestEnforceCapacity" name="test_safety_margin_caps" time="0.001" /><testcase classname="tests.test_decay.TestEnforceCapacity" name="test_dry_run" time="0.000" /><testcase classname="tests.test_decay.TestEnforceCapacity" name="test_already_archived_excluded" time="0.000" /><testcase classname="tests.test_decay.TestEnforceCapacity" name="test_parse_decay_config" time="0.000" /><testcase classname="tests.test_decay.TestGreedyCapacityOptimizer" name="test_under_capacity_returns_empty" time="0.000" /><testcase classname="tests.test_decay.TestGreedyCapacityOptimizer" name="test_state_priority" time="0.000" /><testcase classname="tests.test_decay.TestGreedyCapacityOptimizer" name="test_strength_breaks_ties" time="0.000" /><testcase classname="tests.test_decay.TestGreedyCapacityOptimizer" name="test_safety_margin_caps" time="0.001" /><testcase classname="tests.test_decay.TestGreedyCapacityOptimizer" name="test_danger_p0_priority" time="0.001" /><testcase classname="tests.test_decay.TestGreedyCapacityOptimizer" name="test_health" time="0.000" /><testcase classname="tests.test_entity_channel.TestFallbackTokenize" name="test_cjk_segments" time="0.000" /><testcase classname="tests.test_entity_channel.TestFallbackTokenize" name="test_english_words" time="0.000" /><testcase classname="tests.test_entity_channel.TestFallbackTokenize" name="test_dedupe" time="0.000" /><testcase classname="tests.test_entity_channel.TestFallbackTokenize" name="test_empty" time="0.000" /><testcase classname="tests.test_entity_channel.TestEntityChannelCore" name="test_search_returns_hits" time="0.000" /><testcase classname="tests.test_entity_channel.TestEntityChannelCore" name="test_search_no_entity_returns_empty" time="0.000" /><testcase classname="tests.test_entity_channel.TestEntityChannelCore" name="test_search_unrelated_query" time="0.000" /><testcase classname="tests.test_entity_channel.TestEntityChannelCore" name="test_search_score_by_match_count" time="0.000" /><testcase classname="tests.test_entity_channel.TestEntityChannelCore" name="test_unset_store_raises" time="0.000" /><testcase classname="tests.test_entity_channel.TestEntityChannelCore" name="test_unset_repo_raises" time="0.000" /><testcase classname="tests.test_entity_channel.TestEntityChannelCore" name="test_with_entity_extractor" time="0.000" /><testcase classname="tests.test_entity_channel.TestEntityBoostPlugin" name="test_unbound_raises" time="0.000" /><testcase classname="tests.test_entity_channel.TestEntityBoostPlugin" name="test_bound_returns" time="0.000" /><testcase classname="tests.test_entity_channel.TestEntityBoostPlugin" name="test_health" time="0.000" /><testcase classname="tests.test_entity_channel.TestEntityBoostPlugin" name="test_channel_name" time="0.000" /><testcase classname="tests.test_entity_channel.TestEntityBoostPlugin" name="test_extractor_failure_falls_back_to_tokenize" time="0.000" /><testcase classname="tests.test_entity_index_stage.TestEntityIndexStage" name="test_writes_entities_to_store_and_graph" time="0.000" /><testcase classname="tests.test_entity_index_stage.TestEntityIndexStage" name="test_dedupes_across_multiple_episodes" time="0.000" /><testcase classname="tests.test_entity_index_stage.TestEntityIndexStage" name="test_strips_blank_entities" time="0.000" /><testcase classname="tests.test_entity_index_stage.TestEntityIndexStage" name="test_unbound_components_warn" time="0.000" /><testcase classname="tests.test_entity_index_stage.TestEntityIndexStage" name="test_only_entity_store_bound" time="0.000" /><testcase classname="tests.test_entity_index_stage.TestEntityIndexStage" name="test_only_graph_bound" time="0.000" /><testcase classname="tests.test_entity_index_stage.TestEntityIndexStage" name="test_empty_episodes_skips" time="0.000" /><testcase classname="tests.test_entity_index_stage.TestEntityIndexStage" name="test_extractor_fallback_when_no_episode_entities" time="0.000" /><testcase classname="tests.test_entity_index_stage.TestEntityIndexStage" name="test_extractor_failure_emits_warning" time="0.000" /><testcase classname="tests.test_entity_index_stage.TestEntityIndexStage" name="test_store_failure_isolated_from_graph" time="0.000" /><testcase classname="tests.test_entity_index_stage.TestEntityIndexStage" name="test_graph_failure_isolated_from_store" time="0.000" /><testcase classname="tests.test_entity_index_stage.TestEntityIndexStage" name="test_bind_setters_rebind_dependencies" time="0.000" /><testcase classname="tests.test_entity_index_stage.TestEntityIndexStagePipelineIntegration" name="test_full_cold_path_with_entity_index" time="0.000" /><testcase classname="tests.test_entity_store.TestEntityStore" name="test_upsert_and_find" time="0.000" /><testcase classname="tests.test_entity_store.TestEntityStore" name="test_no_duplicate_mem_cell" time="0.001" /><testcase classname="tests.test_entity_store.TestEntityStore" name="test_dedupe_input_entities" time="0.000" /><testcase classname="tests.test_entity_store.TestEntityStore" name="test_tenant_user_isolation" time="0.000" /><testcase classname="tests.test_entity_store.TestEntityStore" name="test_multi_entity_query" time="0.000" /><testcase classname="tests.test_entity_store.TestEntityStore" name="test_empty_entities_returns_empty" time="0.000" /><testcase classname="tests.test_entity_store.TestEntityStore" name="test_remove_mem_cell" time="0.000" /><testcase classname="tests.test_entity_store.TestEntityStore" name="test_ensure_indexes" time="0.000" /><testcase classname="tests.test_entity_store.TestInMemoryEntityStore" name="test_basic_round_trip" time="0.000" /><testcase classname="tests.test_entity_store.TestInMemoryEntityStore" name="test_idempotent" time="0.000" /><testcase classname="tests.test_entity_store.TestInMemoryEntityStore" name="test_isolation" time="0.000" /><testcase classname="tests.test_entity_store.TestInMemoryEntityStore" name="test_remove" time="0.000" /><testcase classname="tests.test_episode_extractor.TestParseEpisodeResponse" name="test_array" time="0.000" /><testcase classname="tests.test_episode_extractor.TestParseEpisodeResponse" name="test_single_dict" time="0.000" /><testcase classname="tests.test_episode_extractor.TestParseEpisodeResponse" name="test_code_fence" time="0.000" /><testcase classname="tests.test_episode_extractor.TestParseEpisodeResponse" name="test_invalid_returns_empty" time="0.000" /><testcase classname="tests.test_episode_extractor.TestParseEpisodeResponse" name="test_empty" time="0.000" /><testcase classname="tests.test_episode_extractor.TestParseEpisodeResponse" name="test_filters_non_dict_items" time="0.000" /><testcase classname="tests.test_episode_extractor.TestEpisodeMemoryExtractor" name="test_extract_success_array" time="0.001" /><testcase classname="tests.test_episode_extractor.TestEpisodeMemoryExtractor" name="test_extract_multiple_episodes" time="0.001" /><testcase classname="tests.test_episode_extractor.TestEpisodeMemoryExtractor" name="test_extract_bad_json_falls_back" time="0.000" /><testcase classname="tests.test_episode_extractor.TestEpisodeMemoryExtractor" name="test_empty_cell_returns_empty" time="0.000" /><testcase classname="tests.test_episode_extractor.TestEpisodeMemoryExtractor" name="test_propagates_llm_error" time="0.000" /><testcase classname="tests.test_episode_extractor.TestEpisodeMemoryExtractor" name="test_uses_group_chat_prompt_id" time="0.000" /><testcase classname="tests.test_episode_extractor.TestEpisodeMemoryExtractor" name="test_clamps_emotional_valence" time="0.000" /><testcase classname="tests.test_episode_extractor.TestEpisodeMemoryExtractor" name="test_string_entities_split_by_comma" time="0.000" /><testcase classname="tests.test_episode_extractor.TestLLMEpisodeExtractorPlugin" name="test_unbound_raises" time="0.000" /><testcase classname="tests.test_episode_extractor.TestLLMEpisodeExtractorPlugin" name="test_bound_extracts" time="0.000" /><testcase classname="tests.test_episode_extractor.TestLLMEpisodeExtractorPlugin" name="test_llm_error_wrapped_as_plugin_error" time="0.000" /><testcase classname="tests.test_episode_extractor.TestLLMEpisodeExtractorPlugin" name="test_health_reflects_binding" time="0.000" /><testcase classname="tests.test_feedback_endpoint.TestFeedbackEndpoint" name="test_positive_feedback" time="2.064" /><testcase classname="tests.test_feedback_endpoint.TestFeedbackEndpoint" name="test_negative_feedback" time="2.072" /><testcase classname="tests.test_feedback_endpoint.TestFeedbackEndpoint" name="test_explicit_signal_value" time="2.074" /><testcase classname="tests.test_feedback_endpoint.TestFeedbackEndpoint" name="test_not_found_returns_404" time="2.072" /><testcase classname="tests.test_feedback_endpoint.TestFeedbackEndpoint" name="test_missing_id_returns_422" time="2.104" /><testcase classname="tests.test_feedback_endpoint.TestFeedbackEndpoint" name="test_missing_tenant_returns_422" time="2.074" /><testcase classname="tests.test_feedback_endpoint.TestFeedbackEndpoint" name="test_invalid_feedback_type_returns_422" time="2.073" /><testcase classname="tests.test_feedback_endpoint.TestFeedbackServiceUnavailable" name="test_503" time="2.065" /><testcase classname="tests.test_feedback_service.TestSynapticPlasticityReinforcer" name="test_positive_increases_strength" time="0.001" /><testcase classname="tests.test_feedback_service.TestSynapticPlasticityReinforcer" name="test_negative_decreases_strength" time="0.001" /><testcase classname="tests.test_feedback_service.TestSynapticPlasticityReinforcer" name="test_explicit_signal_overrides_default" time="0.001" /><testcase classname="tests.test_feedback_service.TestSynapticPlasticityReinforcer" name="test_clamp_to_smax" time="0.001" /><testcase classname="tests.test_feedback_service.TestSynapticPlasticityReinforcer" name="test_clamp_to_zero" time="0.001" /><testcase classname="tests.test_feedback_service.TestSynapticPlasticityReinforcer" name="test_metrics_increment" time="0.001" /><testcase classname="tests.test_feedback_service.TestSynapticPlasticityReinforcer" name="test_explain_returns_audit_dict" time="0.001" /><testcase classname="tests.test_feedback_service.TestFeedbackService" name="test_positive_feedback_persists" time="0.001" /><testcase classname="tests.test_feedback_service.TestFeedbackService" name="test_negative_feedback_no_access_count_increment" time="0.001" /><testcase classname="tests.test_feedback_service.TestFeedbackService" name="test_explicit_signal_value" time="0.001" /><testcase classname="tests.test_feedback_service.TestFeedbackService" name="test_not_found_returns_none" time="0.001" /><testcase classname="tests.test_feedback_service.TestFeedbackService" name="test_no_id_returns_none" time="0.001" /><testcase classname="tests.test_feedback_service.TestFeedbackService" name="test_explicit_confirm_strong" time="0.001" /><testcase classname="tests.test_file_config_center" name="test_resolve_default" time="0.003" /><testcase classname="tests.test_file_config_center" name="test_write_then_resolve" time="0.003" /><testcase classname="tests.test_file_config_center" name="test_history" time="0.004" /><testcase classname="tests.test_file_config_center" name="test_health" time="0.002" /><testcase classname="tests.test_file_config_center" name="test_health_when_file_missing" time="0.002" /><testcase classname="tests.test_format_transfer" name="test_single_session_session_level" time="0.000" /><testcase classname="tests.test_format_transfer" name="test_multi_session" time="0.000" /><testcase classname="tests.test_format_transfer" name="test_metadata_propagates_request_fields" time="0.000" /><testcase classname="tests.test_format_transfer" name="test_speaker_fields_propagate" time="0.000" /><testcase classname="tests.test_format_transfer" name="test_session_date_used_as_event_time" time="0.001" /><testcase classname="tests.test_format_transfer" name="test_empty_sessions_returns_empty_list" time="0.000" /><testcase classname="tests.test_format_transfer" name="test_turn_level_one_per_turn" time="0.000" /><testcase classname="tests.test_format_transfer" name="test_turn_level_total_count_across_sessions" time="0.000" /><testcase classname="tests.test_format_transfer" name="test_turn_level_has_answer_propagates" time="0.000" /><testcase classname="tests.test_fsfm_plugin.TestFSFM4DScorer" name="test_score_ref" time="0.001" /><testcase classname="tests.test_fsfm_plugin.TestFSFM4DScorer" name="test_score_episodic" time="0.001" /><testcase classname="tests.test_fsfm_plugin.TestFSFM4DScorer" name="test_score_semantic" time="0.001" /><testcase classname="tests.test_fsfm_plugin.TestFSFM4DScorer" name="test_score_cell_helper" time="0.000" /><testcase classname="tests.test_fsfm_plugin.TestFSFM4DScorer" name="test_health" time="0.000" /><testcase classname="tests.test_fsfm_plugin.TestFSFM4DScorer" name="test_config_overrides_weights" time="0.000" /><testcase classname="tests.test_fsfm_plugin.TestEbbinghausPolicy" name="test_retention_score_recent" time="0.000" /><testcase classname="tests.test_fsfm_plugin.TestEbbinghausPolicy" name="test_retention_score_old" time="0.000" /><testcase classname="tests.test_fsfm_plugin.TestEbbinghausPolicy" name="test_high_access_keeps_score" time="0.001" /><testcase classname="tests.test_fsfm_plugin.TestEbbinghausPolicy" name="test_step_returns_new_list" time="0.001" /><testcase classname="tests.test_fsfm_plugin.TestEbbinghausPolicy" name="test_health" time="0.000" /><testcase classname="tests.test_fsfm_plugin.TestEbbinghausPolicy" name="test_threshold_forget_config" time="0.000" /><testcase classname="tests.test_fusion.TestRRFConfig" name="test_default_weights" time="0.000" /><testcase classname="tests.test_fusion.TestRRFConfig" name="test_parse_from_params" time="0.000" /><testcase classname="tests.test_fusion.TestRRFConfig" name="test_parse_invalid_weight_skipped" time="0.000" /><testcase classname="tests.test_fusion.TestRRFFusion" name="test_basic_fusion_dedup" time="0.001" /><testcase classname="tests.test_fusion.TestRRFFusion" name="test_rank_filled" time="0.000" /><testcase classname="tests.test_fusion.TestRRFFusion" name="test_rrf_formula" time="0.000" /><testcase classname="tests.test_fusion.TestRRFFusion" name="test_zero_weight_channel_skipped" time="0.000" /><testcase classname="tests.test_fusion.TestRRFFusion" name="test_empty_input" time="0.000" /><testcase classname="tests.test_fusion.TestRRFFusion" name="test_doesnt_mutate_input" time="0.000" /><testcase classname="tests.test_fusion.TestRRFFusion" name="test_matched_channels_metadata" time="0.000" /><testcase classname="tests.test_fusion.TestRRFFusion" name="test_weights_override" time="0.000" /><testcase classname="tests.test_fusion.TestSignalBoost" name="test_factor_for_default" time="0.000" /><testcase classname="tests.test_fusion.TestSignalBoost" name="test_factor_for_combined" time="0.000" /><testcase classname="tests.test_fusion.TestApplySignalBoost" name="test_changes_ranking" time="0.000" /><testcase classname="tests.test_fusion.TestApplySignalBoost" name="test_missing_factors_use_default" time="0.000" /><testcase classname="tests.test_fusion.TestWeightedRRFFuserPlugin" name="test_fuse_via_plugin" time="0.000" /><testcase classname="tests.test_fusion.TestWeightedRRFFuserPlugin" name="test_apply_signal_boost_via_plugin" time="0.000" /><testcase classname="tests.test_fusion.TestWeightedRRFFuserPlugin" name="test_config_loaded" time="0.000" /><testcase classname="tests.test_graph_channel.TestGraphChannel" name="test_search_via_entity" time="0.000" /><testcase classname="tests.test_graph_channel.TestGraphChannel" name="test_search_no_entity" time="0.000" /><testcase classname="tests.test_graph_channel.TestGraphChannel" name="test_search_unknown_entity" time="0.000" /><testcase classname="tests.test_graph_channel.TestGraphChannel" name="test_unset_graph_raises" time="0.000" /><testcase classname="tests.test_graph_channel.TestGraphChannel" name="test_top_k_truncation" time="0.000" /><testcase classname="tests.test_graph_channel.TestGraphTraversalPlugin" name="test_unbound_raises" time="0.000" /><testcase classname="tests.test_graph_channel.TestGraphTraversalPlugin" name="test_bound_returns" time="0.000" /><testcase classname="tests.test_graph_channel.TestGraphTraversalPlugin" name="test_health" time="0.000" /><testcase classname="tests.test_graph_channel.TestGraphTraversalPlugin" name="test_channel_name" time="0.000" /><testcase classname="tests.test_graph_channel.TestGraphTraversalPlugin" name="test_max_depth_clamped" time="0.000" /><testcase classname="tests.test_graph_index.TestNodeIdHelpers" name="test_entity_node_id" time="0.000" /><testcase classname="tests.test_graph_index.TestNodeIdHelpers" name="test_memory_node_id" time="0.000" /><testcase classname="tests.test_graph_index.TestNodeIdHelpers" name="test_edge_id" time="0.000" /><testcase classname="tests.test_graph_index.TestInMemoryGraph" name="test_upsert_and_get_node" time="0.000" /><testcase classname="tests.test_graph_index.TestInMemoryGraph" name="test_upsert_edge" time="0.000" /><testcase classname="tests.test_graph_index.TestInMemoryGraph" name="test_upsert_edge_idempotent_strength" time="0.000" /><testcase classname="tests.test_graph_index.TestInMemoryGraph" name="test_traverse_2_hops" time="0.000" /><testcase classname="tests.test_graph_index.TestInMemoryGraph" name="test_traverse_filters_invalid" time="0.000" /><testcase classname="tests.test_graph_index.TestInMemoryGraph" name="test_traverse_edge_type_filter" time="0.000" /><testcase classname="tests.test_graph_index.TestInMemoryGraph" name="test_user_isolation" time="0.000" /><testcase classname="tests.test_graph_index.TestInMemoryGraph" name="test_lru_eviction" time="0.000" /><testcase classname="tests.test_graph_index.TestInMemoryGraph" name="test_max_hops_clamp" time="0.000" /><testcase classname="tests.test_graph_index.TestMemoryGraph" name="test_add_memory_node_with_entities" time="0.000" /><testcase classname="tests.test_graph_index.TestMemoryGraph" name="test_get_neighbors_via_entity" time="0.000" /><testcase classname="tests.test_graph_index.TestMemoryGraph" name="test_get_neighbors_empty" time="0.000" /><testcase classname="tests.test_graph_index.TestMemoryGraph" name="test_user_isolation" time="0.000" /><testcase classname="tests.test_graph_index.TestMemoryGraph" name="test_dedupe_entities" time="0.000" /><testcase classname="tests.test_graph_index.TestInMemoryLRUGraphStorePlugin" name="test_spi_round_trip" time="0.000" /><testcase classname="tests.test_graph_index.TestInMemoryLRUGraphStorePlugin" name="test_spi_traverse" time="0.000" /><testcase classname="tests.test_graph_index.TestInMemoryLRUGraphStorePlugin" name="test_health" time="0.000" /><testcase classname="tests.test_graph_index.TestInMemoryLRUGraphStorePlugin" name="test_metrics" time="0.000" /><testcase classname="tests.test_graph_index.TestInMemoryLRUGraphStorePlugin" name="test_works_with_memory_graph" time="0.000" /><testcase classname="tests.test_graph_index.TestInMemoryLRUGraphStorePlugin" name="test_update_edge" time="0.000" /><testcase classname="tests.test_health" name="test_liveness" time="2.060" /><testcase classname="tests.test_health" name="test_readiness_returns_known_checks" time="2.081" /><testcase classname="tests.test_health" name="test_admin_plugins_lists_categories" time="2.064" /><testcase classname="tests.test_health" name="test_openapi_title" time="2.072" /><testcase classname="tests.test_ingest_endpoint.TestIngestEndpoint" name="test_minimal_success" time="2.070" /><testcase classname="tests.test_ingest_endpoint.TestIngestEndpoint" name="test_missing_tenant_returns_422" time="2.074" /><testcase classname="tests.test_ingest_endpoint.TestIngestEndpoint" name="test_missing_user_returns_422" time="2.069" /><testcase classname="tests.test_ingest_endpoint.TestIngestEndpoint" name="test_invalid_role_returns_422" time="2.058" /><testcase classname="tests.test_ingest_endpoint.TestIngestEndpoint" name="test_empty_sessions_returns_empty_status" time="2.052" /><testcase classname="tests.test_ingest_endpoint.TestIngestEndpoint" name="test_multiple_sessions_create_multiple_cells" time="2.197" /><testcase classname="tests.test_ingest_endpoint.TestIngestEndpoint" name="test_round_trip_text_preserved" time="2.077" /><testcase classname="tests.test_ingest_endpoint.TestIngestEndpointWithFailingES" name="test_es_failure_does_not_block" time="2.078" /><testcase classname="tests.test_ingest_endpoint.TestIngestServiceUnavailable" name="test_returns_503_when_service_not_ready" time="2.075" /><testcase classname="tests.test_ingest_pipeline.TestIngestPipeline" name="test_empty_input_returns_empty" time="0.001" /><testcase classname="tests.test_ingest_pipeline.TestIngestPipeline" name="test_single_segment_creates_one_cell" time="0.001" /><testcase classname="tests.test_ingest_pipeline.TestIngestPipeline" name="test_multiple_segments_create_multiple_cells" time="0.001" /><testcase classname="tests.test_ingest_pipeline.TestIngestPipeline" name="test_metrics_recorded" time="0.001" /><testcase classname="tests.test_ingest_pipeline.TestIngestPipeline" name="test_skips_empty_segments" time="0.001" /><testcase classname="tests.test_ingest_pipeline.TestIngestPipeline" name="test_extra_stage_appended" time="0.001" /><testcase classname="tests.test_ingest_pipeline.TestIngestPipeline" name="test_should_skip_stage_default_false" time="0.001" /><testcase classname="tests.test_ingest_pipeline.TestIngestService" name="test_ingest_delegates_to_pipeline" time="0.001" /><testcase classname="tests.test_ingest_pipeline.TestIngestService" name="test_ingest_empty_short_circuit" time="0.001" /><testcase classname="tests.test_internal_models" name="test_memcell_defaults" time="0.000" /><testcase classname="tests.test_internal_models" name="test_memcell_uuids_distinct" time="0.000" /><testcase classname="tests.test_internal_models" name="test_rawdata_creation" time="0.000" /><testcase classname="tests.test_internal_models" name="test_episodic_memory_defaults" time="0.000" /><testcase classname="tests.test_internal_models" name="test_semantic_memory_with_knowledge_type" time="0.000" /><testcase classname="tests.test_internal_models" name="test_semantic_memory_supersede_marks_invalid" time="0.000" /><testcase classname="tests.test_internal_models" name="test_memscene_defaults" time="0.000" /><testcase classname="tests.test_internal_models" name="test_event_log_arrays_consistency" time="0.000" /><testcase classname="tests.test_internal_models" name="test_meta_memory_composition" time="0.000" /><testcase classname="tests.test_internal_models" name="test_ranked_memory_with_source_channel" time="0.000" /><testcase classname="tests.test_internal_models" name="test_enum_values" time="0.000" /><testcase classname="tests.test_internal_models" name="test_state_invalid_value_raises" time="0.000" /><testcase classname="tests.test_lifecycle.TestComputeState" name="test_active_high_access" time="0.000" /><testcase classname="tests.test_lifecycle.TestComputeState" name="test_active_recent" time="0.000" /><testcase classname="tests.test_lifecycle.TestComputeState" name="test_warm_medium" time="0.000" /><testcase classname="tests.test_lifecycle.TestComputeState" name="test_warm_within_week" time="0.000" /><testcase classname="tests.test_lifecycle.TestComputeState" name="test_cold_within_quarter" time="0.000" /><testcase classname="tests.test_lifecycle.TestComputeState" name="test_archived_old" time="0.000" /><testcase classname="tests.test_lifecycle.TestLifecycleUpdaterSync" name="test_update_now_increments" time="0.001" /><testcase classname="tests.test_lifecycle.TestLifecycleUpdaterSync" name="test_update_now_clamps_smax" time="0.001" /><testcase classname="tests.test_lifecycle.TestLifecycleUpdaterSync" name="test_update_now_missing" time="0.000" /><testcase classname="tests.test_lifecycle.TestLifecycleUpdaterSync" name="test_state_progresses_to_active_on_high_access" time="0.000" /><testcase classname="tests.test_lifecycle.TestLifecycleUpdaterAsync" name="test_on_retrieval_hit_via_runner" time="0.001" /><testcase classname="tests.test_lifecycle.TestLifecycleUpdaterAsync" name="test_multiple_ids_each_independent" time="0.001" /><testcase classname="tests.test_lifecycle.TestLifecycleUpdaterAsync" name="test_empty_list_noop" time="0.000" /><testcase classname="tests.test_lifecycle.TestLifecycleUpdaterAsync" name="test_stats" time="0.001" /><testcase classname="tests.test_mongo_center_smoke" name="test_class_hierarchy" time="0.000" /><testcase classname="tests.test_mongo_center_smoke" name="test_resolve_default_via_mongo" time="0.001" /><testcase classname="tests.test_mongo_center_smoke" name="test_write_then_resolve_via_mongo" time="0.001" /><testcase classname="tests.test_mongo_center_smoke" name="test_history_via_mongo" time="0.001" /><testcase classname="tests.test_mongo_center_smoke" name="test_health_pings_db" time="0.000" /><testcase classname="tests.test_mongo_center_smoke" name="test_watch_ensures_schema" time="0.001" /><testcase classname="tests.test_mongo_change_stream.TestNoWatchAttribute" name="test_graceful_degrade_when_collection_lacks_watch" time="0.000" /><testcase classname="tests.test_mongo_change_stream.TestChangeStreamConsumption" name="test_inserts_become_events" time="0.012" /><testcase classname="tests.test_mongo_change_stream.TestChangeStreamConsumption" name="test_filters_unrelated_change_ops_and_no_category" time="0.011" /><testcase classname="tests.test_mongo_change_stream.TestChangeStreamConsumption" name="test_callback_exception_is_swallowed" time="0.012" /><testcase classname="tests.test_mongo_change_stream.TestReconnectOnTransientFailure" name="test_reconnects_after_stream_breaks" time="0.023" /><testcase classname="tests.test_mongo_change_stream.TestStopWatcherCleanly" name="test_close_cancels_change_stream_task" time="0.001" /><testcase classname="tests.test_mongo_change_stream.TestChangeToEvent" name="test_skips_delete" time="0.000" /><testcase classname="tests.test_mongo_change_stream.TestChangeToEvent" name="test_skips_no_full_document" time="0.000" /><testcase classname="tests.test_mongo_change_stream.TestChangeToEvent" name="test_handles_missing_optional_fields" time="0.000" /><testcase classname="tests.test_mongo_change_stream.TestChangeToEvent" name="test_handles_replace" time="0.000" /><testcase classname="tests.test_mongo_repo.TestMongoMemCellRepo" name="test_insert_returns_id" time="0.001" /><testcase classname="tests.test_mongo_repo.TestMongoMemCellRepo" name="test_get_by_id_round_trip" time="0.001" /><testcase classname="tests.test_mongo_repo.TestMongoMemCellRepo" name="test_get_by_id_missing" time="0.000" /><testcase classname="tests.test_mongo_repo.TestMongoMemCellRepo" name="test_update" time="0.000" /><testcase classname="tests.test_mongo_repo.TestMongoMemCellRepo" name="test_update_missing_returns_false" time="0.000" /><testcase classname="tests.test_mongo_repo.TestMongoMemCellRepo" name="test_delete_by_id" time="0.000" /><testcase classname="tests.test_mongo_repo.TestMongoMemCellRepo" name="test_delete_missing_returns_false" time="0.000" /><testcase classname="tests.test_mongo_repo.TestMongoMemCellRepo" name="test_insert_many" time="0.000" /><testcase classname="tests.test_mongo_repo.TestMongoMemCellRepo" name="test_insert_many_empty" time="0.001" /><testcase classname="tests.test_mongo_repo.TestMongoMemCellRepo" name="test_ensure_indexes" time="0.001" /><testcase classname="tests.test_mongo_repo.TestMongoMemCellRepo" name="test_ensure_indexes_swallows_errors" time="0.001" /><testcase classname="tests.test_phase7_cold_stage_wiring.TestWirePhase7ColdStage" name="test_no_op_when_cold_path_service_missing" time="0.001" /><testcase classname="tests.test_phase7_cold_stage_wiring.TestWirePhase7ColdStage" name="test_no_op_when_no_dependencies" time="0.001" /><testcase classname="tests.test_phase7_cold_stage_wiring.TestWirePhase7ColdStage" name="test_injects_when_entity_store_only" time="0.000" /><testcase classname="tests.test_phase7_cold_stage_wiring.TestWirePhase7ColdStage" name="test_injects_when_memory_graph_only" time="0.003" /><testcase classname="tests.test_phase7_cold_stage_wiring.TestWirePhase7ColdStage" name="test_idempotent_when_called_twice" time="0.001" /><testcase classname="tests.test_phase7_cold_stage_wiring.TestWirePhase7ColdStage" name="test_rebinds_dependencies_on_repeat_call" time="0.001" /><testcase classname="tests.test_plugin_factory" name="test_factory_builds_default_sbd" time="0.007" /><testcase classname="tests.test_plugin_factory" name="test_factory_builds_default_fuser" time="0.007" /><testcase classname="tests.test_plugin_factory" name="test_factory_caches_instance" time="0.006" /><testcase classname="tests.test_plugin_factory" name="test_factory_unknown_category_raises" time="0.005" /><testcase classname="tests.test_plugin_registry" name="test_register_and_get" time="0.000" /><testcase classname="tests.test_plugin_registry" name="test_register_idempotent_same_class" time="0.000" /><testcase classname="tests.test_plugin_registry" name="test_register_conflict" time="0.000" /><testcase classname="tests.test_plugin_registry" name="test_get_missing_raises_lookup" time="0.000" /><testcase classname="tests.test_plugin_registry" name="test_list_by_category" time="0.000" /><testcase classname="tests.test_plugin_registry" name="test_describe_returns_summary" time="0.000" /><testcase classname="tests.test_plugin_registry" name="test_register_class_without_meta_raises" time="0.000" /><testcase classname="tests.test_plugin_registry" name="test_discover_entry_points_does_not_raise" time="0.005" /><testcase classname="tests.test_prompt_manager.TestStandalonePromptManager" name="test_resolve_builtin" time="0.000" /><testcase classname="tests.test_prompt_manager.TestStandalonePromptManager" name="test_resolve_unknown_raises" time="0.000" /><testcase classname="tests.test_prompt_manager.TestStandalonePromptManager" name="test_register_overrides_builtin" time="0.000" /><testcase classname="tests.test_prompt_manager.TestStandalonePromptManager" name="test_register_with_dict" time="0.000" /><testcase classname="tests.test_prompt_manager.TestStandalonePromptManager" name="test_render_basic" time="0.000" /><testcase classname="tests.test_prompt_manager.TestStandalonePromptManager" name="test_render_missing_variable_raises" time="0.000" /><testcase classname="tests.test_prompt_manager.TestStandalonePromptManager" name="test_render_template_undeclared_var_raises" time="0.000" /><testcase classname="tests.test_prompt_manager.TestStandalonePromptManager" name="test_render_for_ignores_tenant_user" time="0.000" /><testcase classname="tests.test_prompt_manager.TestStandalonePromptManager" name="test_list_prompts_includes_overrides" time="0.000" /><testcase classname="tests.test_prompt_manager.TestConfigCenterPromptManager" name="test_resolve_default" time="0.002" /><testcase classname="tests.test_prompt_manager.TestConfigCenterPromptManager" name="test_resolve_variant_by_tenant" time="0.002" /><testcase classname="tests.test_prompt_manager.TestConfigCenterPromptManager" name="test_render_for" time="0.002" /><testcase classname="tests.test_prompt_manager.TestConfigCenterPromptManager" name="test_render_missing_var_raises" time="0.002" /><testcase classname="tests.test_prompt_manager.TestConfigCenterPromptManager" name="test_cache_hit" time="0.002" /><testcase classname="tests.test_prompt_manager.TestConfigCenterPromptManager" name="test_watch_invalidates_cache_on_prompt_write" time="0.003" /><testcase classname="tests.test_prompt_manager.TestConfigCenterPromptManager" name="test_attach_watcher_idempotent" time="0.002" /><testcase classname="tests.test_prompt_manager.TestConfigCenterPromptManager" name="test_invalidate_cache_specific_id" time="0.002" /><testcase classname="tests.test_prompt_manager.TestConfigCenterPromptManager" name="test_list_prompts_delegates_to_cc" time="0.002" /><testcase classname="tests.test_prompt_manager.TestPromptRuntimeAsync" name="test_init_returns_config_backed" time="0.002" /><testcase classname="tests.test_prompt_manager.TestPromptRuntimeAsync" name="test_init_idempotent" time="0.002" /><testcase classname="tests.test_prompt_manager.TestPromptRuntimeSync" name="test_get_falls_back_to_standalone" time="0.000" /><testcase classname="tests.test_prompt_manager.TestAdminPromptRoutes" name="test_list_prompts" time="2.073" /><testcase classname="tests.test_prompt_manager.TestAdminPromptRoutes" name="test_list_with_tag" time="2.063" /><testcase classname="tests.test_prompt_manager.TestAdminPromptRoutes" name="test_get_prompt_default" time="2.080" /><testcase classname="tests.test_prompt_manager.TestAdminPromptRoutes" name="test_get_prompt_with_acme_variant" time="2.059" /><testcase classname="tests.test_prompt_manager.TestAdminPromptRoutes" name="test_get_unknown_returns_404" time="2.097" /><testcase classname="tests.test_prompt_manager.TestAdminPromptRoutes" name="test_put_prompt_then_get" time="2.093" /><testcase classname="tests.test_prompt_manager.TestAdminPromptRoutes" name="test_put_invalid_body_returns_400" time="2.061" /><testcase classname="tests.test_prompt_manager.TestAdminPromptRoutes" name="test_put_tenant_without_scope_id_returns_400" time="2.068" /><testcase classname="tests.test_prompt_manager.TestAdminPromptRoutes" name="test_put_with_variants" time="2.079" /><testcase classname="tests.test_prompt_manager.TestAdminPromptRoutes" name="test_history_returns_writes" time="2.091" /><testcase classname="tests.test_prompt_manager.TestAdminPromptRoutes" name="test_render_basic" time="2.083" /><testcase classname="tests.test_prompt_manager.TestAdminPromptRoutes" name="test_render_with_variant" time="2.107" /><testcase classname="tests.test_prompt_manager.TestAdminPromptRoutes" name="test_render_missing_var_returns_400" time="2.071" /><testcase classname="tests.test_prompt_manager.TestAdminPromptRoutes" name="test_render_unknown_returns_404" time="2.083" /><testcase classname="tests.test_prompt_manager.TestAdminPromptRoutes" name="test_delete_marks_as_placeholder" time="2.099" /><testcase classname="tests.test_query_endpoints.TestUserGraphRelations" name="test_returns_related_memories" time="2.062" /><testcase classname="tests.test_query_endpoints.TestUserGraphRelations" name="test_unknown_entity_returns_empty_list" time="2.054" /><testcase classname="tests.test_query_endpoints.TestUserGraphRelations" name="test_max_depth_param" time="2.065" /><testcase classname="tests.test_query_endpoints.TestUserGraphRelations" name="test_missing_entity_returns_422" time="2.062" /><testcase classname="tests.test_query_endpoints.TestUserGraphRelations" name="test_missing_tenant_returns_422" time="2.073" /><testcase classname="tests.test_query_endpoints.TestUserGraphRelations" name="test_max_depth_out_of_range" time="2.070" /><testcase classname="tests.test_query_endpoints.TestUserGraphRelationsNotImplemented" name="test_returns_not_implemented" time="2.076" /><testcase classname="tests.test_query_endpoints.TestUserMemories" name="test_lists_memories" time="2.081" /><testcase classname="tests.test_query_endpoints.TestUserMemories" name="test_limit" time="2.071" /><testcase classname="tests.test_query_endpoints.TestUserMemories" name="test_limit_out_of_range" time="2.063" /><testcase classname="tests.test_query_endpoints.TestOpenAPIIncludesQueryRoutes" name="test_query_routes_registered" time="2.083" /><testcase classname="tests.test_regex_entity_extractor.TestRegexEntityExtractor" name="test_extract_cjk_entities" time="0.001" /><testcase classname="tests.test_regex_entity_extractor.TestRegexEntityExtractor" name="test_extract_english_proper" time="0.001" /><testcase classname="tests.test_regex_entity_extractor.TestRegexEntityExtractor" name="test_extract_quoted" time="0.001" /><testcase classname="tests.test_regex_entity_extractor.TestRegexEntityExtractor" name="test_stopwords_filtered" time="0.001" /><testcase classname="tests.test_regex_entity_extractor.TestRegexEntityExtractor" name="test_min_length" time="0.001" /><testcase classname="tests.test_regex_entity_extractor.TestRegexEntityExtractor" name="test_max_entities_truncates" time="0.001" /><testcase classname="tests.test_regex_entity_extractor.TestRegexEntityExtractor" name="test_dedupe_normalized" time="0.001" /><testcase classname="tests.test_regex_entity_extractor.TestRegexEntityExtractor" name="test_substring_dropped_within_same_type" time="0.001" /><testcase classname="tests.test_regex_entity_extractor.TestRegexEntityExtractor" name="test_extract_batch" time="0.001" /><testcase classname="tests.test_regex_entity_extractor.TestRegexEntityExtractor" name="test_empty_input" time="0.001" /><testcase classname="tests.test_regex_entity_extractor.TestRegexEntityExtractor" name="test_health" time="0.001" /><testcase classname="tests.test_regex_entity_extractor.TestRegexEntityExtractor" name="test_extra_stopwords" time="0.001" /><testcase classname="tests.test_regex_entity_extractor" name="test_default_stopwords_nonempty" time="0.000" /><testcase classname="tests.test_reranker.TestCosineSimilarity" name="test_identical" time="0.000" /><testcase classname="tests.test_reranker.TestCosineSimilarity" name="test_orthogonal" time="0.000" /><testcase classname="tests.test_reranker.TestCosineSimilarity" name="test_dim_mismatch" time="0.000" /><testcase classname="tests.test_reranker.TestParseMMRConfig" name="test_default" time="0.000" /><testcase classname="tests.test_reranker.TestParseMMRConfig" name="test_custom" time="0.000" /><testcase classname="tests.test_reranker.TestParseMMRConfig" name="test_clamp_lambda" time="0.000" /><testcase classname="tests.test_reranker.TestMMRReranker" name="test_empty_input" time="0.000" /><testcase classname="tests.test_reranker.TestMMRReranker" name="test_single_hit_passthrough" time="0.000" /><testcase classname="tests.test_reranker.TestMMRReranker" name="test_top_k_truncates" time="0.000" /><testcase classname="tests.test_reranker.TestMMRReranker" name="test_diversifies_similar_vectors" time="0.000" /><testcase classname="tests.test_reranker.TestMMRReranker" name="test_no_embeddings_falls_back_to_relevance" time="0.000" /><testcase classname="tests.test_reranker.TestMMRReranker" name="test_doesnt_mutate_input" time="0.000" /><testcase classname="tests.test_reranker.TestMMRReranker" name="test_rank_filled" time="0.000" /><testcase classname="tests.test_reranker.TestCrossEncoder" name="test_disabled_passthrough" time="0.000" /><testcase classname="tests.test_reranker.TestCrossEncoder" name="test_enabled_reranks" time="0.000" /><testcase classname="tests.test_reranker.TestMMRPlugin" name="test_basic_rerank" time="0.001" /><testcase classname="tests.test_reranker.TestMMRPlugin" name="test_extracts_embeddings_from_metadata" time="0.001" /><testcase classname="tests.test_reranker.TestMMRPlugin" name="test_top_k_none_keeps_all" time="0.001" /><testcase classname="tests.test_reranker.TestMMRPlugin" name="test_health" time="0.000" /><testcase classname="tests.test_retrieval_filter.TestThresholdFilter" name="test_default_threshold_055" time="0.001" /><testcase classname="tests.test_retrieval_filter.TestThresholdFilter" name="test_custom_threshold" time="0.001" /><testcase classname="tests.test_retrieval_filter.TestThresholdFilter" name="test_zero_threshold_keeps_all" time="0.001" /><testcase classname="tests.test_retrieval_filter.TestThresholdFilter" name="test_invalid_threshold_falls_back" time="0.001" /><testcase classname="tests.test_retrieval_filter.TestThresholdFilter" name="test_clamp_threshold" time="0.001" /><testcase classname="tests.test_retrieval_filter.TestThresholdFilter" name="test_empty_input" time="0.000" /><testcase classname="tests.test_retrieval_filter.TestThresholdFilter" name="test_preserves_order" time="0.000" /><testcase classname="tests.test_retrieval_filter.TestThresholdFilter" name="test_health" time="0.000" /><testcase classname="tests.test_retrieval_pipeline.TestRetrievalPipeline" name="test_full_pipeline_happy_path" time="0.001" /><testcase classname="tests.test_retrieval_pipeline.TestRetrievalPipeline" name="test_top_k_truncation" time="0.001" /><testcase classname="tests.test_retrieval_pipeline.TestRetrievalPipeline" name="test_recall_k_uses_over_fetch" time="0.000" /><testcase classname="tests.test_retrieval_pipeline.TestRetrievalPipeline" name="test_request_override_over_fetch" time="0.000" /><testcase classname="tests.test_retrieval_pipeline.TestRetrievalPipeline" name="test_partial_channel_failure_continues" time="0.001" /><testcase classname="tests.test_retrieval_pipeline.TestRetrievalPipeline" name="test_all_channels_fail_raises" time="0.001" /><testcase classname="tests.test_retrieval_pipeline.TestRetrievalPipeline" name="test_no_channels_returns_empty" time="0.000" /><testcase classname="tests.test_retrieval_pipeline.TestRetrievalPipeline" name="test_no_fuser_falls_back_to_concat" time="0.001" /><testcase classname="tests.test_retrieval_pipeline.TestRetrievalPipeline" name="test_filter_failure_recorded_but_continues" time="0.001" /><testcase classname="tests.test_retrieval_pipeline.TestRetrievalPipeline" name="test_filter_drops_low_score" time="0.001" /><testcase classname="tests.test_retrieval_pipeline.TestRetrievalPipeline" name="test_enabled_channels_override" time="0.001" /><testcase classname="tests.test_retrieval_pipeline.TestRetrievalOrchestrator" name="test_retrieve_method" time="0.001" /><testcase classname="tests.test_retrieve_endpoint.TestRetrieveEndpoint" name="test_retrieve_success" time="2.064" /><testcase classname="tests.test_retrieve_endpoint.TestRetrieveEndpoint" name="test_top_k_truncation" time="2.077" /><testcase classname="tests.test_retrieve_endpoint.TestRetrieveEndpoint" name="test_debug_payload" time="2.062" /><testcase classname="tests.test_retrieve_endpoint.TestRetrieveEndpoint" name="test_missing_tenant_returns_422" time="2.068" /><testcase classname="tests.test_retrieve_endpoint.TestRetrieveEndpoint" name="test_missing_user_returns_422" time="2.079" /><testcase classname="tests.test_retrieve_endpoint.TestRetrieveEndpoint" name="test_missing_query_returns_422" time="2.073" /><testcase classname="tests.test_retrieve_endpoint.TestRetrieveEndpoint" name="test_top_k_out_of_range_422" time="2.071" /><testcase classname="tests.test_retrieve_endpoint.TestRetrieveEmpty" name="test_empty_returns_200_empty_list" time="2.065" /><testcase classname="tests.test_retrieve_endpoint.TestRetrieveUnavailable" name="test_returns_503" time="2.132" /><testcase classname="tests.test_retrieve_endpoint.TestRetrieveAllChannelsFail" name="test_returns_500" time="2.075" /><testcase classname="tests.test_rule_sbd_plugin.TestRegistration" name="test_rule_sbd_registered" time="0.001" /><testcase classname="tests.test_rule_sbd_plugin.TestRegistration" name="test_meta_fields" time="0.001" /><testcase classname="tests.test_rule_sbd_plugin.TestRegistration" name="test_config_schema_has_known_fields" time="0.000" /><testcase classname="tests.test_rule_sbd_plugin.TestLifecycle" name="test_start_with_empty_config_uses_defaults" time="0.001" /><testcase classname="tests.test_rule_sbd_plugin.TestLifecycle" name="test_start_with_custom_config" time="0.001" /><testcase classname="tests.test_rule_sbd_plugin.TestLifecycle" name="test_stop_is_idempotent" time="0.001" /><testcase classname="tests.test_rule_sbd_plugin.TestLifecycle" name="test_health_returns_ok" time="0.001" /><testcase classname="tests.test_rule_sbd_plugin.TestDetect" name="test_cold_start" time="0.001" /><testcase classname="tests.test_rule_sbd_plugin.TestDetect" name="test_within_window_no_split" time="0.001" /><testcase classname="tests.test_rule_sbd_plugin.TestDetect" name="test_time_gap_triggers_split" time="0.001" /><testcase classname="tests.test_rule_sbd_plugin.TestDetect" name="test_empty_new_does_not_crash" time="0.001" /><testcase classname="tests.test_rule_sbd_plugin.TestSegment" name="test_segment_empty" time="0.001" /><testcase classname="tests.test_rule_sbd_plugin.TestSegment" name="test_segment_continuous_returns_single" time="0.001" /><testcase classname="tests.test_rule_sbd_plugin.TestSegment" name="test_segment_with_time_gap" time="0.001" /><testcase classname="tests.test_rule_sbd_plugin.TestSegment" name="test_segment_uses_runtime_config" time="0.001" /><testcase classname="tests.test_sbd.TestShouldSplit" name="test_cold_start_returns_false" time="0.000" /><testcase classname="tests.test_sbd.TestShouldSplit" name="test_within_window" time="0.000" /><testcase classname="tests.test_sbd.TestShouldSplit" name="test_time_gap_exceeded" time="0.000" /><testcase classname="tests.test_sbd.TestShouldSplit" name="test_window_turns_reached" time="0.000" /><testcase classname="tests.test_sbd.TestShouldSplit" name="test_window_tokens_reached" time="0.000" /><testcase classname="tests.test_sbd.TestShouldSplit" name="test_naive_datetime_treated_as_utc" time="0.000" /><testcase classname="tests.test_sbd.TestDetectBoundaries" name="test_empty_input" time="0.000" /><testcase classname="tests.test_sbd.TestDetectBoundaries" name="test_single_input" time="0.000" /><testcase classname="tests.test_sbd.TestDetectBoundaries" name="test_no_split_continuous" time="0.000" /><testcase classname="tests.test_sbd.TestDetectBoundaries" name="test_split_by_time_gap" time="0.000" /><testcase classname="tests.test_sbd.TestDetectBoundaries" name="test_split_by_window_turns" time="0.000" /><testcase classname="tests.test_sbd.TestDetectBoundaries" name="test_multiple_splits" time="0.000" /><testcase classname="tests.test_sbd.TestDetectBoundaries" name="test_preserves_order" time="0.000" /><testcase classname="tests.test_sbd.TestParseSbdConfig" name="test_empty_returns_default" time="0.000" /><testcase classname="tests.test_sbd.TestParseSbdConfig" name="test_time_gap_min_in_minutes" time="0.000" /><testcase classname="tests.test_sbd.TestParseSbdConfig" name="test_max_window_turns_explicit" time="0.000" /><testcase classname="tests.test_sbd.TestParseSbdConfig" name="test_max_window_size_alias" time="0.000" /><testcase classname="tests.test_sbd.TestParseSbdConfig" name="test_max_window_tokens" time="0.000" /><testcase classname="tests.test_sbd.TestParseSbdConfig" name="test_full_combination" time="0.000" /><testcase classname="tests.test_sbd_llm.TestNeedsLLMRefinement" name="test_short_segments_no_refine" time="0.000" /><testcase classname="tests.test_sbd_llm.TestNeedsLLMRefinement" name="test_long_segment_triggers_refine" time="0.000" /><testcase classname="tests.test_sbd_llm.TestNeedsLLMRefinement" name="test_custom_threshold" time="0.000" /><testcase classname="tests.test_sbd_llm.TestFormatNumberedSegments" name="test_basic" time="0.000" /><testcase classname="tests.test_sbd_llm.TestFormatNumberedSegments" name="test_replaces_newlines" time="0.000" /><testcase classname="tests.test_sbd_llm.TestParseLLMBoundaryResponse" name="test_clean_json" time="0.000" /><testcase classname="tests.test_sbd_llm.TestParseLLMBoundaryResponse" name="test_no_split_index_minus_1" time="0.000" /><testcase classname="tests.test_sbd_llm.TestParseLLMBoundaryResponse" name="test_markdown_code_fence" time="0.000" /><testcase classname="tests.test_sbd_llm.TestParseLLMBoundaryResponse" name="test_invalid_json" time="0.000" /><testcase classname="tests.test_sbd_llm.TestParseLLMBoundaryResponse" name="test_missing_field" time="0.000" /><testcase classname="tests.test_sbd_llm.TestParseLLMBoundaryResponse" name="test_empty" time="0.000" /><testcase classname="tests.test_sbd_llm.TestParseLLMBoundaryResponse" name="test_embedded_in_text" time="0.000" /><testcase classname="tests.test_sbd_llm.TestSplitSegmentAt" name="test_split_middle" time="0.000" /><testcase classname="tests.test_sbd_llm.TestSplitSegmentAt" name="test_no_split_when_idx_zero" time="0.000" /><testcase classname="tests.test_sbd_llm.TestSplitSegmentAt" name="test_no_split_when_idx_oob" time="0.000" /><testcase classname="tests.test_sbd_llm.TestLLMSBD" name="test_no_client_segment_returns_full" time="0.001" /><testcase classname="tests.test_sbd_llm.TestLLMSBD" name="test_with_client_splits_at_index" time="0.001" /><testcase classname="tests.test_sbd_llm.TestLLMSBD" name="test_short_input_skips_llm" time="0.000" /><testcase classname="tests.test_sbd_llm.TestHybridSBDRuleOnly" name="test_llm_fallback_disabled_acts_like_rule" time="0.001" /><testcase classname="tests.test_sbd_llm.TestHybridSBDRuleOnly" name="test_llm_fallback_enabled_but_no_client" time="0.001" /><testcase classname="tests.test_sbd_llm.TestHybridSBDRuleOnly" name="test_short_segments_no_llm_call" time="0.000" /><testcase classname="tests.test_sbd_llm.TestHybridSBDLLMRefine" name="test_llm_split_long_segment" time="0.001" /><testcase classname="tests.test_sbd_llm.TestHybridSBDLLMRefine" name="test_llm_no_split_returns_one" time="0.001" /><testcase classname="tests.test_sbd_llm.TestHybridSBDLLMRefine" name="test_llm_failure_falls_back_to_rule" time="0.001" /><testcase classname="tests.test_sbd_llm.TestHybridSBDLLMRefine" name="test_llm_invalid_json_falls_back" time="0.001" /><testcase classname="tests.test_sbd_llm.TestHybridSBDDetect" name="test_detect_cold_start" time="0.001" /><testcase classname="tests.test_sbd_llm.TestHybridSBDDetect" name="test_detect_time_gap" time="0.001" /><testcase classname="tests.test_schemas" name="test_parse_longmemeval_example" time="0.000" /><testcase classname="tests.test_schemas" name="test_parse_locomo_example" time="0.000" /><testcase classname="tests.test_schemas" name="test_missing_tenant_id_raises" time="0.000" /><testcase classname="tests.test_schemas" name="test_missing_user_id_raises" time="0.000" /><testcase classname="tests.test_schemas" name="test_role_enum_invalid" time="0.000" /><testcase classname="tests.test_schemas" name="test_extra_field_forbidden_on_request" time="0.001" /><testcase classname="tests.test_schemas" name="test_session_with_no_turns_is_ok" time="0.000" /><testcase classname="tests.test_schemas" name="test_retrieve_request_defaults" time="0.000" /><testcase classname="tests.test_schemas" name="test_retrieve_request_top_k_bounds" time="0.000" /><testcase classname="tests.test_schemas" name="test_feedback_default_signal" time="0.000" /><testcase classname="tests.test_schemas" name="test_feedback_supports_explicit_signal" time="0.000" /><testcase classname="tests.test_schemas" name="test_round_trip_serialization" time="0.001" /><testcase classname="tests.test_scoring.TestReinforceConfig" name="test_defaults" time="0.000" /><testcase classname="tests.test_scoring.TestReinforceConfig" name="test_parse" time="0.000" /><testcase classname="tests.test_scoring.TestReinforceConfig" name="test_parse_default_signals" time="0.000" /><testcase classname="tests.test_scoring.TestReinforceConfig" name="test_invalid_default_signal_skipped" time="0.000" /><testcase classname="tests.test_scoring.TestResolveSignal" name="test_zero_uses_default" time="0.000" /><testcase classname="tests.test_scoring.TestResolveSignal" name="test_explicit_overrides" time="0.000" /><testcase classname="tests.test_scoring.TestComputeStrengthDelta" name="test_positive_increases" time="0.000" /><testcase classname="tests.test_scoring.TestComputeStrengthDelta" name="test_negative_decreases" time="0.000" /><testcase classname="tests.test_scoring.TestComputeStrengthDelta" name="test_clamp_to_zero" time="0.000" /><testcase classname="tests.test_scoring.TestComputeStrengthDelta" name="test_clamp_to_s_max" time="0.000" /><testcase classname="tests.test_scoring.TestComputeStrengthDelta" name="test_time_decay_applied" time="0.000" /><testcase classname="tests.test_scoring.TestFSFMScorer" name="test_score_in_unit_interval" time="0.000" /><testcase classname="tests.test_scoring.TestFSFMScorer" name="test_old_low_quality_low_score" time="0.000" /><testcase classname="tests.test_scoring.TestFSFMScorer" name="test_cqa_text_length" time="0.000" /><testcase classname="tests.test_scoring.TestFSFMScorer" name="test_bve_combines" time="0.000" /><testcase classname="tests.test_scoring.TestFSFMScorer" name="test_trs_decays_over_time" time="0.000" /><testcase classname="tests.test_scoring.TestFSFMScorer" name="test_src_counts_raw_data" time="0.000" /><testcase classname="tests.test_scoring.TestFSFMScorer" name="test_detail_breakdown" time="0.000" /><testcase classname="tests.test_scoring.TestFSFMScorer" name="test_parse_config" time="0.000" /><testcase classname="tests.test_scoring.TestEbbinghaus" name="test_default_config" time="0.000" /><testcase classname="tests.test_scoring.TestEbbinghaus" name="test_parse" time="0.000" /><testcase classname="tests.test_scoring.TestEbbinghaus" name="test_retention_decays_over_time" time="0.000" /><testcase classname="tests.test_scoring.TestEbbinghaus" name="test_high_access_boosts" time="0.000" /><testcase classname="tests.test_scoring.TestEbbinghaus" name="test_high_strength_extends_half_life" time="0.000" /><testcase classname="tests.test_scoring.TestEbbinghaus" name="test_negative_age_treated_zero" time="0.000" /><testcase classname="tests.test_semantic_extractor.TestParseSemanticResponse" name="test_array" time="0.000" /><testcase classname="tests.test_semantic_extractor.TestParseSemanticResponse" name="test_filters_empty_content" time="0.000" /><testcase classname="tests.test_semantic_extractor.TestParseSemanticResponse" name="test_invalid_returns_empty" time="0.000" /><testcase classname="tests.test_semantic_extractor.TestSemanticMemoryExtractor" name="test_extract_for_episode" time="0.001" /><testcase classname="tests.test_semantic_extractor.TestSemanticMemoryExtractor" name="test_extract_empty_response" time="0.000" /><testcase classname="tests.test_semantic_extractor.TestSemanticMemoryExtractor" name="test_extract_multiple_filtered" time="0.000" /><testcase classname="tests.test_semantic_extractor.TestSemanticMemoryExtractor" name="test_max_items_truncates" time="0.000" /><testcase classname="tests.test_semantic_extractor.TestSemanticMemoryExtractor" name="test_unknown_knowledge_type_falls_back" time="0.000" /><testcase classname="tests.test_semantic_extractor.TestSemanticMemoryExtractor" name="test_clamps_confidence" time="0.000" /><testcase classname="tests.test_semantic_extractor.TestSemanticMemoryExtractor" name="test_propagates_llm_error" time="0.000" /><testcase classname="tests.test_semantic_extractor.TestSemanticMemoryExtractor" name="test_extract_for_memcell" time="0.001" /><testcase classname="tests.test_semantic_extractor.TestSemanticMemoryExtractor" name="test_empty_summary_returns_empty" time="0.000" /><testcase classname="tests.test_semantic_extractor.TestLLM10AssociationPlugin" name="test_unbound_raises" time="0.000" /><testcase classname="tests.test_semantic_extractor.TestLLM10AssociationPlugin" name="test_extract_for_episode" time="0.000" /><testcase classname="tests.test_semantic_extractor.TestLLM10AssociationPlugin" name="test_extract_for_memcell" time="0.000" /><testcase classname="tests.test_semantic_extractor.TestLLM10AssociationPlugin" name="test_max_items_config" time="0.000" /><testcase classname="tests.test_semantic_extractor.TestLLM10AssociationPlugin" name="test_llm_failure_wrapped_as_plugin_error" time="0.000" /><testcase classname="tests.test_settings" name="test_loads_from_shipped_bootstrap_yaml" time="0.001" /><testcase classname="tests.test_settings" name="test_custom_yaml_via_env" time="0.002" /><testcase classname="tests.test_settings" name="test_env_overrides_yaml" time="0.002" /><testcase classname="tests.test_settings" name="test_yaml_provides_value_when_env_absent" time="0.002" /><testcase classname="tests.test_settings" name="test_yaml_missing_and_env_absent_raises" time="0.001" /><testcase classname="tests.test_settings" name="test_yaml_partial_env_补齐" time="0.002" /><testcase classname="tests.test_settings" name="test_runtime_params_still_not_in_settings" time="0.001" /><testcase classname="tests.test_settings" name="test_no_hardcoded_field_defaults" time="0.000" /><testcase classname="tests.test_sleep_consolidation.TestSleepConsolidator" name="test_immature_scene_returns_empty" time="0.001" /><testcase classname="tests.test_sleep_consolidation.TestSleepConsolidator" name="test_mature_scene_produces_semantics" time="0.000" /><testcase classname="tests.test_sleep_consolidation.TestSleepConsolidator" name="test_llm_failure_safe_empty" time="0.000" /><testcase classname="tests.test_sleep_consolidation.TestSleepConsolidator" name="test_invalid_json_safe_empty" time="0.000" /><testcase classname="tests.test_sleep_consolidation.TestSleepConsolidator" name="test_unbound_llm_returns_empty" time="0.000" /><testcase classname="tests.test_sleep_consolidation.TestSleepConsolidator" name="test_consolidator_noop_filters" time="0.000" /><testcase classname="tests.test_sleep_consolidation.TestSleepConsolidator" name="test_consolidate_scenes_batch" time="0.000" /><testcase classname="tests.test_sleep_consolidation.TestThreePhaseDreaming" name="test_disabled_phase_returns_noop_report" time="0.000" /><testcase classname="tests.test_sleep_consolidation.TestThreePhaseDreaming" name="test_explicit_scope" time="0.000" /><testcase classname="tests.test_sleep_consolidation.TestThreePhaseDreaming" name="test_auto_scope_picks_deep_at_03h" time="0.000" /><testcase classname="tests.test_sleep_consolidation.TestThreePhaseDreaming" name="test_auto_scope_picks_rem_on_sunday_05h" time="0.000" /><testcase classname="tests.test_sleep_consolidation.TestThreePhaseDreaming" name="test_run_with_components" time="0.000" /><testcase classname="tests.test_sleep_consolidation.TestThreePhaseDreaming" name="test_health" time="0.000" /><testcase classname="tests.test_spi_abc" name="test_at_least_30_spi_abc" time="0.002" /><testcase classname="tests.test_spi_abc" name="test_all_spi_inherit_plugin" time="0.001" /><testcase classname="tests.test_spi_abc" name="test_all_spi_have_abstractmethods" time="0.001" /><testcase classname="tests.test_spi_abc" name="test_spi_cannot_be_instantiated" time="0.001" /><testcase classname="tests.test_spi_abc" name="test_spi_dunder_init_does_not_throw_at_class_level" time="0.001" /><testcase classname="tests.test_spi_abc" name="test_all_expected_spis_present" time="0.001" /><testcase classname="tests.test_spi_abc" name="test_noop_plugins_now_implement_real_spi" time="0.000" /><testcase classname="tests.test_three_store_sync.TestESMemCellRepo" name="test_index_passes_doc_to_es" time="0.001" /><testcase classname="tests.test_three_store_sync.TestESMemCellRepo" name="test_index_propagates_error" time="0.000" /><testcase classname="tests.test_three_store_sync.TestESMemCellRepo" name="test_ensure_index_idempotent" time="0.000" /><testcase classname="tests.test_three_store_sync.TestESMemCellRepo" name="test_ensure_index_swallows_error" time="0.000" /><testcase classname="tests.test_three_store_sync.TestMilvusMemCellRepo" name="test_insert_via_callable" time="0.000" /><testcase classname="tests.test_three_store_sync.TestMilvusMemCellRepo" name="test_insert_skips_empty_embedding" time="0.000" /><testcase classname="tests.test_three_store_sync.TestMilvusMemCellRepo" name="test_insert_propagates_error" time="0.000" /><testcase classname="tests.test_three_store_sync.TestInMemoryDLQ" name="test_enqueue_and_list" time="0.000" /><testcase classname="tests.test_three_store_sync.TestInMemoryDLQ" name="test_list_filtered_by_target" time="0.000" /><testcase classname="tests.test_three_store_sync.TestInMemoryDLQ" name="test_size" time="0.000" /><testcase classname="tests.test_three_store_sync.TestInMemoryDLQ" name="test_max_size_drops_oldest" time="0.000" /><testcase classname="tests.test_three_store_sync.TestSyncIndexStage" name="test_es_only_no_milvus" time="0.000" /><testcase classname="tests.test_three_store_sync.TestSyncIndexStage" name="test_es_failure_does_not_raise_and_enqueues_dlq" time="0.000" /><testcase classname="tests.test_three_store_sync.TestSyncIndexStage" name="test_milvus_skipped_when_no_embedding" time="0.000" /><testcase classname="tests.test_three_store_sync.TestSyncIndexStage" name="test_milvus_called_when_embedding_present" time="0.000" /><testcase classname="tests.test_three_store_sync.TestSyncIndexStage" name="test_milvus_failure_enqueues_dlq" time="0.000" /><testcase classname="tests.test_three_store_sync.TestSyncIndexStage" name="test_both_repos_none_is_noop" time="0.000" /><testcase classname="tests.test_three_store_sync.TestIngestPipelineWithSync" name="test_es_failure_does_not_block_ingest" time="0.000" /><testcase classname="tests.test_three_store_sync.TestIngestPipelineWithSync" name="test_no_es_repo_means_no_sync" time="0.000" /><testcase classname="tests.test_three_store_sync.TestIngestPipelineWithSync" name="test_milvus_called_when_embedding_present_e2e" time="0.000" /><testcase classname="tests.test_vector_channel.TestVectorChannel" name="test_search_parses_hits" time="0.000" /><testcase classname="tests.test_vector_channel.TestVectorChannel" name="test_unset_collection_raises" time="0.000" /><testcase classname="tests.test_vector_channel.TestVectorChannel" name="test_unset_embedding_raises" time="0.000" /><testcase classname="tests.test_vector_channel.TestVectorChannel" name="test_embedding_failure_wrapped" time="0.000" /><testcase classname="tests.test_vector_channel.TestVectorChannel" name="test_milvus_failure_wrapped" time="0.000" /><testcase classname="tests.test_vector_channel.TestVectorChannel" name="test_filters_in_expr" time="0.000" /><testcase classname="tests.test_vector_channel.TestVectorChannel" name="test_over_fetch_factor" time="0.000" /><testcase classname="tests.test_vector_channel.TestVectorChannel" name="test_empty_milvus_returns_empty" time="0.000" /><testcase classname="tests.test_vector_channel.TestVectorMilvusPlugin" name="test_unbound_raises" time="0.000" /><testcase classname="tests.test_vector_channel.TestVectorMilvusPlugin" name="test_bound_returns" time="0.000" /><testcase classname="tests.test_vector_channel.TestVectorMilvusPlugin" name="test_health" time="0.000" /><testcase classname="tests.test_vector_channel.TestVectorMilvusPlugin" name="test_channel_name" time="0.000" /><testcase classname="tests.test_vector_channel.TestVectorMilvusPlugin" name="test_metric_and_nprobe_config" time="0.002" /></testsuite></testsuites>